2025-08-02 02:36:07,316 - INFO - Navigate to LinkedIn login page and log in manually in the browser.
2025-08-02 02:36:19,459 - INFO - Waiting for manual login...
2025-08-02 02:36:32,480 - INFO - Waiting for manual login...
2025-08-02 02:36:44,516 - INFO - Login verified. Proceeding to search...
2025-08-02 02:36:44,516 - INFO - Navigating to: https://www.linkedin.com/search/results/people/?keywords=AI%20Engineer%205%20year%20of%20experience&location=Bangalore
2025-08-02 02:36:48,697 - INFO - Processing page 1...
2025-08-02 02:36:51,093 - INFO - Added profile: https://www.linkedin.com/in/sintu-kumar
2025-08-02 02:36:51,112 - INFO - Clicking next page...
2025-08-02 02:36:55,592 - INFO - Processing page 2...
2025-08-02 02:36:58,418 - INFO - Added profile: https://www.linkedin.com/in/raaghav-pohutezhini
2025-08-02 02:36:58,433 - INFO - Clicking next page...
2025-08-02 02:37:03,230 - INFO - Processing page 3...
2025-08-02 02:37:06,403 - INFO - Added profile: https://www.linkedin.com/in/venkatabhargav03
2025-08-02 02:37:06,412 - INFO - Added profile: https://www.linkedin.com/in/saher-shaikh
2025-08-02 02:37:06,426 - INFO - Clicking next page...
2025-08-02 02:37:10,122 - INFO - Processing page 4...
2025-08-02 02:37:14,077 - INFO - Added profile: https://www.linkedin.com/in/mousami-sanyal-251337209
2025-08-02 02:37:14,087 - INFO - Added profile: https://www.linkedin.com/in/ACoAADTol50Bi4ZwktjzH-7bAqGFa9nGLFATqjU
2025-08-02 02:37:14,093 - INFO - Added profile: https://www.linkedin.com/in/pradumn203
2025-08-02 02:37:14,111 - INFO - Clicking next page...
2025-08-02 02:37:18,559 - INFO - Processing page 5...
2025-08-02 02:37:21,636 - INFO - Clicking next page...
2025-08-02 02:37:26,220 - INFO - Writing 7 profile URLs to short.csv
2025-08-05 12:21:22,115 - INFO - Navigate to LinkedIn login page and log in manually in the browser.
2025-08-05 12:21:34,041 - INFO - Waiting for manual login...
2025-08-05 12:21:47,069 - INFO - Waiting for manual login...
2025-08-05 12:22:00,072 - INFO - Waiting for manual login...
2025-08-05 12:22:13,089 - INFO - Waiting for manual login...
2025-08-05 12:22:26,100 - INFO - Waiting for manual login...
2025-08-05 12:22:35,648 - INFO - Waiting for manual login...
2025-08-05 12:22:38,649 - INFO - Waiting for manual login...
2025-08-05 14:32:28,594 - INFO - Navigate to LinkedIn login page and log in manually in the browser.
2025-08-05 14:32:40,608 - INFO - Waiting for manual login...
2025-08-05 14:32:53,614 - INFO - Waiting for manual login...
2025-08-05 14:33:04,974 - INFO - Login verified. Proceeding to search...
2025-08-05 14:33:04,974 - INFO - Navigating to: https://www.linkedin.com/search/results/people/?keywords=AI%20Engineer%20Aditya%20Birla%200%20year%20of%20experience&location=Bangalore
2025-08-05 14:33:09,439 - INFO - Processing page 1...
2025-08-05 14:33:13,222 - INFO - Added profile: https://www.linkedin.com/in/soumya-surabhi-42638444
2025-08-05 14:33:13,238 - INFO - Added profile: https://www.linkedin.com/in/ACoAAAMLxw0BTMaxc74TT4YzqfUqft3hOROqixs
2025-08-05 14:33:13,245 - INFO - Added profile: https://www.linkedin.com/in/ACoAAAP_psUBYr05mDD5n4sOx3fCRVFWwL2jdhM
2025-08-05 14:33:13,252 - INFO - Added profile: https://www.linkedin.com/in/varun-baruah
2025-08-05 14:33:13,268 - INFO - Added profile: https://www.linkedin.com/in/ACoAAAEOmZQBJMyk2jVcemRJnPt2kuECTxmzhaE
2025-08-05 14:33:13,275 - INFO - Added profile: https://www.linkedin.com/in/ACoAAAGVcsMBtIAvE24U0uRSLmKlhCjgxRnfZPs
2025-08-05 14:33:13,282 - INFO - Added profile: https://www.linkedin.com/in/gouravdas
2025-08-05 14:33:13,298 - INFO - Added profile: https://www.linkedin.com/in/ACoAAAf1aZUBFKUXivvYbwaNF8lrm8qcmP6TbnE
2025-08-05 14:33:13,306 - INFO - Added profile: https://www.linkedin.com/in/ACoAAAhmXsUBf2gRvg54xlzwklOsaMx0JKS-SIo
2025-08-05 14:33:13,313 - INFO - Added profile: https://www.linkedin.com/in/nirupamsingh
2025-08-05 14:33:13,329 - INFO - Added profile: https://www.linkedin.com/in/ACoAAAe0NAcBzF7CNmtUHbLs4id_JBiNHgY550o
2025-08-05 14:33:13,336 - INFO - Added profile: https://www.linkedin.com/in/ACoAABDtah4Bb8fH5TMU-HQi56RpBXn-nNo60YI
2025-08-05 14:33:13,344 - INFO - Added profile: https://www.linkedin.com/in/ankit-goswami
2025-08-05 14:33:13,360 - INFO - Added profile: https://www.linkedin.com/in/ACoAAASr9ZgBrlh-T56vzqFrKhNEUGNLUM4uqHw
2025-08-05 14:33:13,366 - INFO - Added profile: https://www.linkedin.com/in/anandmaitri
2025-08-05 14:33:13,381 - INFO - Added profile: https://www.linkedin.com/in/ACoAAAAtyM8BAThzLaQvRz7D8FzcGltkSdsV_gA
2025-08-05 14:33:13,388 - INFO - Added profile: https://www.linkedin.com/in/ACoAAALGxMMBzEnTqNC9QgOrYpWgBa6CIWE71ow
2025-08-05 14:33:13,395 - INFO - Added profile: https://www.linkedin.com/in/utkarshsingh13
2025-08-05 14:33:13,410 - INFO - Added profile: https://www.linkedin.com/in/ACoAABw9LiUBJIV3ZDjvVOle2cXRg6rFkQkeJsk
2025-08-05 14:33:13,417 - INFO - Added profile: https://www.linkedin.com/in/ACoAAC0oZsABWPC3cOGjrPVlVGcZ2ARIMmxn69M
2025-08-05 14:33:13,426 - INFO - Added profile: https://www.linkedin.com/in/balramprasad
2025-08-05 14:33:13,479 - INFO - Added profile: https://www.linkedin.com/in/ACoAAAPELtoB9qV6VXK4w2e-dZP7evLXneqbU7A
2025-08-05 14:33:13,489 - INFO - Added profile: https://www.linkedin.com/in/ACoAAB-uUxUBThv8Xk6MhChrOe077AMtsP7pZ1c
2025-08-05 14:33:13,498 - INFO - Added profile: https://www.linkedin.com/in/shiny-lohani-spjimr
2025-08-05 14:33:13,515 - INFO - Added profile: https://www.linkedin.com/in/ACoAADa1fPMByJ5IRJseovVZZRr3eH1sWYls6_8
2025-08-05 14:33:13,537 - INFO - Added profile: https://www.linkedin.com/in/ACoAADj0eQIB9_wvu9OVwNX8Nb368y5IvveT9Fk
2025-08-05 14:33:13,552 - INFO - Added profile: https://www.linkedin.com/in/ashutosh-kumar-9a109864
2025-08-05 14:33:13,577 - INFO - Added profile: https://www.linkedin.com/in/ACoAAAFP6S4BG128AHDBJ5Zurfwt4LsTvu4i1pI
2025-08-05 14:33:13,589 - INFO - Added profile: https://www.linkedin.com/in/ACoAAAQcIOMBXqkG6s52hztmQjq1wQZVaxIn0iU
2025-08-05 14:33:13,621 - INFO - Clicking next page...
2025-08-05 14:33:18,856 - INFO - Processing page 2...
2025-08-05 14:33:22,775 - INFO - Added profile: https://www.linkedin.com/in/jigneshtalasila
2025-08-05 14:33:22,823 - INFO - Added profile: https://www.linkedin.com/in/ACoAAABCdXkBkiOyJqcHrPN0ZWNVUeJMB1pPnzg
2025-08-05 14:33:22,847 - INFO - Added profile: https://www.linkedin.com/in/ACoAAACfKmcBSQhvzu7lOgRGRCuCFFGO4Vud-k0
2025-08-05 14:33:22,873 - INFO - Added profile: https://www.linkedin.com/in/sk-raju
2025-08-05 14:33:22,961 - INFO - Added profile: https://www.linkedin.com/in/ACoAACM11E0BkUoNw0buQow293k1pubAP25BiS0
2025-08-05 14:33:22,985 - INFO - Added profile: https://www.linkedin.com/in/hthite
2025-08-05 14:33:23,035 - INFO - Added profile: https://www.linkedin.com/in/ACoAAAbg9FkB3OHVP_IW5BUoGHEuEqlidqDiPZc
2025-08-05 14:33:23,059 - INFO - Added profile: https://www.linkedin.com/in/ACoAAAcjfXMBHoHJV-a0c8AhBjPcA20m1hmyGAI
2025-08-05 14:33:23,085 - INFO - Added profile: https://www.linkedin.com/in/sandeep-singh-07b1227
2025-08-05 14:33:23,134 - INFO - Added profile: https://www.linkedin.com/in/ACoAABABeQkB_jxIoxIyEvvr_23P7EyV7vshjAw
2025-08-05 14:33:23,159 - INFO - Added profile: https://www.linkedin.com/in/drbung
2025-08-05 14:33:23,207 - INFO - Added profile: https://www.linkedin.com/in/ACoAAADo2BcBeo-9OHIIWiZp755DN3E-tJCWo8Y
2025-08-05 14:33:23,235 - INFO - Added profile: https://www.linkedin.com/in/tanmay-bhopi-a47493104
2025-08-05 14:33:23,283 - INFO - Added profile: https://www.linkedin.com/in/ACoAAA2bCikB97OsnPQ5nUKrgPP2BL_gL6m1KqY
2025-08-05 14:33:23,316 - INFO - Added profile: https://www.linkedin.com/in/mayank-madhur
2025-08-05 14:33:23,365 - INFO - Added profile: https://www.linkedin.com/in/ACoAAAg6VOUBaFtV-OTNP6m7YsTO03fs9G4_vsw
2025-08-05 14:33:23,388 - INFO - Added profile: https://www.linkedin.com/in/aditya-s-906883211
2025-08-05 14:33:23,441 - INFO - Added profile: https://www.linkedin.com/in/likhithasreevadlamudi
2025-08-05 14:33:23,512 - INFO - Added profile: https://www.linkedin.com/in/ACoAACBGJo0BRgBh7pKtZgKwnDlUfxNPltWcrDY
2025-08-05 14:33:23,519 - INFO - Added profile: https://www.linkedin.com/in/mayur-challawar-16192523
2025-08-05 14:33:23,535 - INFO - Clicking next page...
2025-08-05 14:33:26,860 - INFO - Processing page 3...
2025-08-05 14:33:30,655 - INFO - Added profile: https://www.linkedin.com/in/jay-vartak-82025413a
2025-08-05 14:33:30,686 - INFO - Added profile: https://www.linkedin.com/in/ACoAADezT-8Bz0BemcEdSlIY4bv73-OpZRNlimc
2025-08-05 14:33:30,697 - INFO - Added profile: https://www.linkedin.com/in/sneha-patil92
2025-08-05 14:33:30,723 - INFO - Added profile: https://www.linkedin.com/in/ACoAAAtotCoBg4KAuZAFQ-agBqq16h3oqCsT4WI
2025-08-05 14:33:30,729 - INFO - Added profile: https://www.linkedin.com/in/prvshhk
2025-08-05 14:33:30,740 - INFO - Added profile: https://www.linkedin.com/in/ACoAAAAe_4ABQGdiWSSTgHJg42op9jnsshrz1tY
2025-08-05 14:33:30,745 - INFO - Added profile: https://www.linkedin.com/in/saksham-s-550504112
2025-08-05 14:33:30,756 - INFO - Added profile: https://www.linkedin.com/in/ACoAABgPVTsBMjs98iPDOy_J1SoKOeHuxUxAvf8
2025-08-05 14:33:30,761 - INFO - Added profile: https://www.linkedin.com/in/dipti-kulkarni-34a731144
2025-08-05 14:33:30,771 - INFO - Added profile: https://www.linkedin.com/in/ACoAAAFayXgBNB4u-ydy7uG3h2cVvf-4wBnRxWM
2025-08-05 14:33:30,775 - INFO - Added profile: https://www.linkedin.com/in/ACoAACKK4IcBKzFSk_Pld--3WH2E5JOxMvRarvw
2025-08-05 14:33:30,781 - INFO - Added profile: https://www.linkedin.com/in/kumar-parijat-69296614
2025-08-05 14:33:30,790 - INFO - Added profile: https://www.linkedin.com/in/ACoAAAE90J0BjCRirA9khjZFTR8M5GPy7_jIN20
2025-08-05 14:33:30,795 - INFO - Added profile: https://www.linkedin.com/in/ACoAAAjxSNABH5hBtS718ADZaZve3Ck-AmQqVUM
2025-08-05 14:33:30,799 - INFO - Added profile: https://www.linkedin.com/in/abhishekghsh
2025-08-05 14:33:30,810 - INFO - Added profile: https://www.linkedin.com/in/ACoAAAAuVO4B5pRA4Cotgjj9sAol8Oua5TTjBDg
2025-08-05 14:33:30,815 - INFO - Added profile: https://www.linkedin.com/in/ACoAAACQB5EBEZqlWpsBEQwFtuS4HzJ5TYcg4TU
2025-08-05 14:33:30,820 - INFO - Added profile: https://www.linkedin.com/in/jasmeen1
2025-08-05 14:33:30,830 - INFO - Added profile: https://www.linkedin.com/in/ACoAAAYxpKcBMA5z_s9l_RueHSfJT9aUNc6q3WI
2025-08-05 14:33:30,836 - INFO - Added profile: https://www.linkedin.com/in/gramkumar
2025-08-05 14:33:30,846 - INFO - Added profile: https://www.linkedin.com/in/ACoAAAASG88BQc3CqqASwc78X7Gmxz-HRy6mIek
2025-08-05 14:33:30,851 - INFO - Added profile: https://www.linkedin.com/in/ACoAAAEpE0EBbj4zxCKjbjW91xFJuceVX_5-2xA
2025-08-05 14:33:30,856 - INFO - Added profile: https://www.linkedin.com/in/dharmendra-sharma-062b5313
2025-08-05 14:33:30,874 - INFO - Clicking next page...
2025-08-05 14:33:34,848 - INFO - Processing page 4...
2025-08-05 14:33:38,950 - INFO - Added profile: https://www.linkedin.com/in/kaushik-prakash-1015b036
2025-08-05 14:33:38,984 - INFO - Added profile: https://www.linkedin.com/in/shirindave
2025-08-05 14:33:39,053 - INFO - Added profile: https://www.linkedin.com/in/rishi-sabarigirisan
2025-08-05 14:33:39,090 - INFO - Added profile: https://www.linkedin.com/in/ACoAABdfw2oBKiP__EWgrVo-bv4EmluHjX-gIbg
2025-08-05 14:33:39,135 - INFO - Added profile: https://www.linkedin.com/in/subhramit-basu
2025-08-05 14:33:39,216 - INFO - Added profile: https://www.linkedin.com/in/ACoAAAFXZDABkIppJ_5LnLFQ3UgVjVFo_juSL9Y
2025-08-05 14:33:39,235 - INFO - Added profile: https://www.linkedin.com/in/ACoAAAN_GlABdmR-J744ekAspVkj8WML3P8NTEE
2025-08-05 14:33:39,250 - INFO - Added profile: https://www.linkedin.com/in/royston-jathanna-86911710
2025-08-05 14:33:39,281 - INFO - Added profile: https://www.linkedin.com/in/debapriyomandal
2025-08-05 14:33:39,340 - INFO - Added profile: https://www.linkedin.com/in/ACoAABK32AYBL0eNPiRa1YBFiuDlhE2hgbkdv-8
2025-08-05 14:33:39,346 - INFO - Added profile: https://www.linkedin.com/in/kashishnarula
2025-08-05 14:33:39,356 - INFO - Added profile: https://www.linkedin.com/in/ACoAABGVS4YB_3jWIGXerO6Ssj7wQKOcrb05H44
2025-08-05 14:33:39,363 - INFO - Added profile: https://www.linkedin.com/in/ishangupta-ds
2025-08-05 14:33:39,374 - INFO - Added profile: https://www.linkedin.com/in/ACoAACYSAT8BUeCUC1mntnlSz5tzIUlql64wd3g
2025-08-05 14:33:39,380 - INFO - Added profile: https://www.linkedin.com/in/tushar-palande-64033782
2025-08-05 14:33:39,392 - INFO - Added profile: https://www.linkedin.com/in/projjwalghosh
2025-08-05 14:33:39,404 - INFO - Added profile: https://www.linkedin.com/in/ACoAAAeeAlQBLhZkNT-70JAaDvDFMJjxfzg40PY
2025-08-05 14:33:39,415 - INFO - Clicking next page...
2025-08-05 14:33:44,270 - INFO - Processing page 5...
2025-08-05 14:33:48,310 - INFO - Added profile: https://www.linkedin.com/in/vhegde1
2025-08-05 14:33:48,325 - INFO - Added profile: https://www.linkedin.com/in/ACoAAAJZaOkBEsFXEVFtwAPbBFyyoQJLo_aQSH4
2025-08-05 14:33:48,332 - INFO - Added profile: https://www.linkedin.com/in/vaibhavwankhede
2025-08-05 14:33:48,347 - INFO - Added profile: https://www.linkedin.com/in/ACoAAAL5yWcBlGELrTO4_KgtyUXCnPgdCwe9lfY
2025-08-05 14:33:48,353 - INFO - Added profile: https://www.linkedin.com/in/subirroy89
2025-08-05 14:33:48,368 - INFO - Added profile: https://www.linkedin.com/in/sunil-devpura-92b3bb22
2025-08-05 14:33:48,382 - INFO - Added profile: https://www.linkedin.com/in/pardeep-continous-learner
2025-08-05 14:33:48,401 - INFO - Added profile: https://www.linkedin.com/in/ankitja
2025-08-05 14:33:48,425 - INFO - Added profile: https://www.linkedin.com/in/ACoAAABFvlgBqoIM4vAyTyMDFWXHI0QPm5DYWsM
2025-08-05 14:33:48,433 - INFO - Added profile: https://www.linkedin.com/in/chiragyadav
2025-08-05 14:33:48,447 - INFO - Added profile: https://www.linkedin.com/in/ACoAAAJC7aYBsb3CboCwFZnlf6uXwa1ztltebag
2025-08-05 14:33:48,455 - INFO - Added profile: https://www.linkedin.com/in/deepan-mukherjee-tech-marketer
2025-08-05 14:33:48,473 - INFO - Added profile: https://www.linkedin.com/in/ACoAABXEb6cBSku1s56AtczTQbttHW3Hhic2uM0
2025-08-05 14:33:48,479 - INFO - Added profile: https://www.linkedin.com/in/ACoAAB1P9N8Bn_cXaq3iFWqR-JK5wwh_gUKXsXs
2025-08-05 14:33:48,487 - INFO - Added profile: https://www.linkedin.com/in/sudheer-varma-dasarraju
2025-08-05 14:33:48,502 - INFO - Added profile: https://www.linkedin.com/in/ACoAACKdqXsBMZ3PbnlCETBplgV2JmVeYoLpO00
2025-08-05 14:33:48,511 - INFO - Added profile: https://www.linkedin.com/in/ACoAACZ33QcBJ7joQ__3C0q9KBoFKLrihcO7aM8
2025-08-05 14:33:48,518 - INFO - Added profile: https://www.linkedin.com/in/manjunathagali
2025-08-05 14:33:48,530 - INFO - Added profile: https://www.linkedin.com/in/ACoAAAxm5tsB5xyuQ40pQBuDBLzt2dptzZui7fc
2025-08-05 14:33:48,547 - INFO - Clicking next page...
2025-08-05 14:33:51,936 - INFO - Processing page 6...
2025-08-05 14:33:54,317 - INFO - Added profile: https://www.linkedin.com/in/siraj-ansari-0195389a
2025-08-05 14:33:54,335 - INFO - Added profile: https://www.linkedin.com/in/ACoAAAUYQ6sBd1izCy0rpoNexX4rwKh7JfX_Ad4
2025-08-05 14:33:54,343 - INFO - Added profile: https://www.linkedin.com/in/ACoAABcnxyUBGb5d1nAJocvw8lg6xSxlkK2HG4Y
2025-08-05 14:33:54,349 - INFO - Added profile: https://www.linkedin.com/in/shanks129
2025-08-05 14:33:54,364 - INFO - Added profile: https://www.linkedin.com/in/ACoAABdI8UwB9EkTKdww8scAY_qfeKbqNMTMPo8
2025-08-05 14:33:54,372 - INFO - Added profile: https://www.linkedin.com/in/aditya-shakalya-261bb46
2025-08-05 14:33:54,385 - INFO - Added profile: https://www.linkedin.com/in/adityads
2025-08-05 14:33:54,400 - INFO - Added profile: https://www.linkedin.com/in/ACoAAC6fFdcBJCvlSSsan4VqfYyjqz4kaaQFVjQ
2025-08-05 14:33:54,407 - INFO - Added profile: https://www.linkedin.com/in/anoop-kumar-singh-9318b610
2025-08-05 14:33:54,426 - INFO - Added profile: https://www.linkedin.com/in/aashish-bansal-84a45b48
2025-08-05 14:33:54,445 - INFO - Added profile: https://www.linkedin.com/in/ACoAAAQyWsgBDRZXyfYoDZjbeAQAsydfPse1NLw
2025-08-05 14:33:54,458 - INFO - Added profile: https://www.linkedin.com/in/ACoAAAfilusB9psCAabecCG1XQN4X1eZb9ssVlg
2025-08-05 14:33:54,469 - INFO - Added profile: https://www.linkedin.com/in/pratik-bhere-b665a6aa
2025-08-05 14:33:54,489 - INFO - Added profile: https://www.linkedin.com/in/ankitvash
2025-08-05 14:33:54,503 - INFO - Added profile: https://www.linkedin.com/in/ACoAACPi7xABisiAa55tb6E83B0xgvQD4ASEnMA
2025-08-05 14:33:54,511 - INFO - Added profile: https://www.linkedin.com/in/vibhorpandhare
2025-08-05 14:33:54,526 - INFO - Added profile: https://www.linkedin.com/in/nitinaggarwal15
2025-08-05 14:33:54,549 - INFO - Clicking next page...
2025-08-05 14:33:58,248 - INFO - Processing page 7...
2025-08-05 14:34:01,339 - INFO - Added profile: https://www.linkedin.com/in/amitkurhekar-cdo
2025-08-05 14:34:01,359 - INFO - Added profile: https://www.linkedin.com/in/ACoAAABSsHwBVLKBrCJ2pqEjjqHDeEzX4caI-7w
2025-08-05 14:34:01,368 - INFO - Added profile: https://www.linkedin.com/in/pranjal-shandilya-41224b27
2025-08-05 14:34:01,388 - INFO - Added profile: https://www.linkedin.com/in/ACoAAAHHS2MBlxq3VZeELrzSStKTz8gfW0LD6MM
2025-08-05 14:34:01,398 - INFO - Added profile: https://www.linkedin.com/in/ACoAAAQstgIBDd6vlhffHIJytmR6TzpDKpHj_xw
2025-08-05 14:34:01,406 - INFO - Added profile: https://www.linkedin.com/in/neha-kataria-48a3a7135
2025-08-05 14:34:01,425 - INFO - Added profile: https://www.linkedin.com/in/abhishekchandwani
2025-08-05 14:34:01,452 - INFO - Added profile: https://www.linkedin.com/in/ACoAAAJXjVoB-3tNTyv4eAb6T9OQZ0BTx-bR204
2025-08-05 14:34:01,463 - INFO - Added profile: https://www.linkedin.com/in/abhijeetiima
2025-08-05 14:34:01,481 - INFO - Added profile: https://www.linkedin.com/in/ACoAAAU-MC8BkqCHaBRPBrx2Y3WwU7WtgqETSy8
2025-08-05 14:34:01,487 - INFO - Added profile: https://www.linkedin.com/in/jonathankinlay
2025-08-05 14:34:01,502 - INFO - Added profile: https://www.linkedin.com/in/ACoAAABPhAcBMmJ6IvWS8iOHOnhYXVx1tnmhPsg
2025-08-05 14:34:01,510 - INFO - Added profile: https://www.linkedin.com/in/aditya-ecdrid
2025-08-05 14:34:01,524 - INFO - Added profile: https://www.linkedin.com/in/ACoAAB6zIvwBJE26_qGbLxbrtBAYALZp2x9LJ28
2025-08-05 14:34:01,532 - INFO - Added profile: https://www.linkedin.com/in/sanjeevmandalapu
2025-08-05 14:34:01,546 - INFO - Added profile: https://www.linkedin.com/in/ACoAAABWQdEB2Gtw3eqgZEHfnWG4zNWeXrHaaF8
2025-08-05 14:34:01,556 - INFO - Added profile: https://www.linkedin.com/in/shirazkhan2
2025-08-05 14:34:01,571 - INFO - Added profile: https://www.linkedin.com/in/agarwal21
2025-08-05 14:34:01,594 - INFO - Clicking next page...
2025-08-05 14:34:06,285 - INFO - Processing page 8...
2025-08-05 14:34:09,270 - INFO - Added profile: https://www.linkedin.com/in/aishwarya-jain-659b0057
2025-08-05 14:34:09,286 - INFO - Added profile: https://www.linkedin.com/in/ACoAADEsciwBNuTrYhsbV3g-qr0X2-en9lVvRX0
2025-08-05 14:34:09,294 - INFO - Added profile: https://www.linkedin.com/in/tusharghelani
2025-08-05 14:34:09,307 - INFO - Added profile: https://www.linkedin.com/in/ankitgupta00
2025-08-05 14:34:09,321 - INFO - Added profile: https://www.linkedin.com/in/ACoAABJvOZgBwjlG34tpCKCnjXSN0Hfo-9rzYq0
2025-08-05 14:34:09,330 - INFO - Added profile: https://www.linkedin.com/in/ACoAABorh6YB77JBqetjRW59gn8ktKEZvQgzZyU
2025-08-05 14:34:09,339 - INFO - Added profile: https://www.linkedin.com/in/priya-baju
2025-08-05 14:34:09,353 - INFO - Added profile: https://www.linkedin.com/in/ACoAAAwzMIcBhO6pNo2pVYSQ7HTMKBfBjpDlULY
2025-08-05 14:34:09,361 - INFO - Added profile: https://www.linkedin.com/in/indianwhocodes
2025-08-05 14:34:09,375 - INFO - Added profile: https://www.linkedin.com/in/ACoAAA69hpYBbSr4LR-G3EH_hSL9GQsm1Xc2aRg
2025-08-05 14:34:09,384 - INFO - Added profile: https://www.linkedin.com/in/gautam-koppala-6371b31b
2025-08-05 14:34:09,402 - INFO - Added profile: https://www.linkedin.com/in/ACoAAAHtrSIB2r6r3FFzr2Ju_VLhwELHcBW0TUE
2025-08-05 14:34:09,412 - INFO - Added profile: https://www.linkedin.com/in/ACoAAAOAoGgBhZVgqTKl8BuznxCxS9_aIXB8c_g
2025-08-05 14:34:09,425 - INFO - Added profile: https://www.linkedin.com/in/aparnasr
2025-08-05 14:34:09,457 - INFO - Added profile: https://www.linkedin.com/in/ACoAAAGFNbQBh_WFCHcEPgV2W9yrx1y-In3kSF8
2025-08-05 14:34:09,477 - INFO - Added profile: https://www.linkedin.com/in/shubhia
2025-08-05 14:34:09,525 - INFO - Added profile: https://www.linkedin.com/in/ACoAAAOQNxUBQsbVI92sq7IZ1LnwSciBTWY9gpw
2025-08-05 14:34:09,548 - INFO - Added profile: https://www.linkedin.com/in/srinivasanaditya
2025-08-05 14:34:09,614 - INFO - Added profile: https://www.linkedin.com/in/bharat-sethi-3138a210
2025-08-05 14:34:09,657 - INFO - Added profile: https://www.linkedin.com/in/ACoAAAJEWT8BnE-dTcI3yK55jOVeCeZkU81CHqs
2025-08-05 14:34:09,700 - INFO - Clicking next page...
2025-08-05 14:34:13,465 - INFO - Processing page 9...
2025-08-05 14:34:16,792 - INFO - Added profile: https://www.linkedin.com/in/ish-peswani-aff-m-asce-301b71139
2025-08-05 14:34:16,832 - INFO - No more pages or next button disabled.
2025-08-05 14:34:16,832 - INFO - Writing 164 profile URLs to aditya.csv
